<?xml version="1.0" encoding="UTF-8" ?>
<testsuite tests="3" failures="0" name="com.tarining.project.client.AutoBeanTest" time="5.368" errors="1" skipped="0">
  <properties>
[...]
</properties>
  <testcase classname="com.tarining.project.client.AutoBeanTest" name="testDecodePerson" time="2.789"/>
  <testcase classname="com.tarining.project.client.AutoBeanTest" name="testEncodePeople" time="0.006">
    <error type="java.lang.NullPointerException">java.lang.NullPointerException
	at com.google.web.bindery.autobean.shared.impl.AutoBeanCodexImpl.doEncode(AutoBeanCodexImpl.java:560)
	at com.google.web.bindery.autobean.shared.impl.AutoBeanCodexImpl$ObjectCoder.encode(AutoBeanCodexImpl.java:321)
	at com.google.web.bindery.autobean.shared.impl.AutoBeanCodexImpl$CollectionCoder.encode(AutoBeanCodexImpl.java:163)
	at com.google.web.bindery.autobean.shared.impl.AutoBeanCodexImpl$PropertyGetter.encodeProperty(AutoBeanCodexImpl.java:413)
	at com.google.web.bindery.autobean.shared.impl.AutoBeanCodexImpl$PropertyGetter.visitReferenceProperty(AutoBeanCodexImpl.java:389)
	at com.google.web.bindery.autobean.shared.AutoBeanVisitor.visitCollectionProperty(AutoBeanVisitor.java:229)
	at com.google.web.bindery.autobean.vm.impl.ProxyAutoBean.traverseProperties(ProxyAutoBean.java:356)
	at com.google.web.bindery.autobean.shared.impl.AbstractAutoBean.traverse(AbstractAutoBean.java:166)
	at com.google.web.bindery.autobean.shared.impl.AbstractAutoBean.accept(AbstractAutoBean.java:101)
	at com.google.web.bindery.autobean.shared.impl.AutoBeanCodexImpl.doEncode(AutoBeanCodexImpl.java:560)
	at com.google.web.bindery.autobean.shared.AutoBeanCodex.encode(AutoBeanCodex.java:83)
	at com.tarining.project.client.AutoBeanTest.serializeToJson(AutoBeanTest.java:67)
	at com.tarining.project.client.AutoBeanTest.testEncodePeople(AutoBeanTest.java:114)
	at sun.reflect.NativeMethodAccessorImpl.invoke0(Native Method)
	at sun.reflect.NativeMethodAccessorImpl.invoke(NativeMethodAccessorImpl.java:62)
	at sun.reflect.DelegatingMethodAccessorImpl.invoke(DelegatingMethodAccessorImpl.java:43)
	at java.lang.reflect.Method.invoke(Method.java:498)
	at org.junit.runners.model.FrameworkMethod$1.runReflectiveCall(FrameworkMethod.java:47)
	at org.junit.internal.runners.model.ReflectiveCallable.run(ReflectiveCallable.java:12)
	at org.junit.runners.model.FrameworkMethod.invokeExplosively(FrameworkMethod.java:44)
	at org.junit.internal.runners.statements.InvokeMethod.evaluate(InvokeMethod.java:17)
	at org.junit.runners.ParentRunner.runLeaf(ParentRunner.java:271)
	at org.junit.runners.BlockJUnit4ClassRunner.runChild(BlockJUnit4ClassRunner.java:70)
	at org.junit.runners.BlockJUnit4ClassRunner.runChild(BlockJUnit4ClassRunner.java:50)
	at org.junit.runners.ParentRunner$3.run(ParentRunner.java:238)
	at org.junit.runners.ParentRunner$1.schedule(ParentRunner.java:63)
	at org.junit.runners.ParentRunner.runChildren(ParentRunner.java:236)
	at org.junit.runners.ParentRunner.access$000(ParentRunner.java:53)
	at org.junit.runners.ParentRunner$2.evaluate(ParentRunner.java:229)
	at org.junit.runners.ParentRunner.run(ParentRunner.java:309)
	at org.apache.maven.surefire.junit4.JUnit4TestSet.execute(JUnit4TestSet.java:59)
	at org.apache.maven.surefire.suite.AbstractDirectoryTestSuite.executeTestSet(AbstractDirectoryTestSuite.java:120)
	at org.apache.maven.surefire.suite.AbstractDirectoryTestSuite.execute(AbstractDirectoryTestSuite.java:103)
	at org.apache.maven.surefire.Surefire.run(Surefire.java:169)
	at sun.reflect.NativeMethodAccessorImpl.invoke0(Native Method)
	at sun.reflect.NativeMethodAccessorImpl.invoke(NativeMethodAccessorImpl.java:62)
	at sun.reflect.DelegatingMethodAccessorImpl.invoke(DelegatingMethodAccessorImpl.java:43)
	at java.lang.reflect.Method.invoke(Method.java:498)
	at org.apache.maven.surefire.booter.SurefireBooter.runSuitesInProcess(SurefireBooter.java:350)
	at org.apache.maven.surefire.booter.SurefireBooter.main(SurefireBooter.java:1021)
</error>
  </testcase>
  <testcase classname="com.tarining.project.client.AutoBeanTest" name="testEncodePerson" time="0.004"/>
</testsuite>