<?xml version="1.0" encoding="UTF-8" ?>
<testsuite tests="16" failures="0" name="com.tarining.project.client.JsonEncodingTest" time="37.672" errors="16" skipped="0">
  <properties>
[...]
</properties>
  <testcase classname="com.tarining.project.client.JsonEncodingTest" name="testDecodeList" time="37.393">
    <error message="(see previous log entries)" type="com.google.gwt.core.ext.UnableToCompleteException">com.google.gwt.core.ext.UnableToCompleteException: (see previous log entries)
	at com.google.gwt.dev.cfg.ModuleDefLoader.nestedLoad(ModuleDefLoader.java:359)
	at com.google.gwt.dev.cfg.ModuleDefLoader$1.load(ModuleDefLoader.java:105)
	at com.google.gwt.dev.cfg.ModuleDefLoader.doLoadModule(ModuleDefLoader.java:229)
	at com.google.gwt.dev.cfg.ModuleDefLoader.doLoadModule(ModuleDefLoader.java:206)
	at com.google.gwt.dev.cfg.ModuleDefLoader.createSyntheticModule(ModuleDefLoader.java:110)
	at com.google.gwt.junit.CompileStrategy.maybeCompileModuleImpl2(CompileStrategy.java:166)
	at com.google.gwt.junit.CompileStrategy.maybeCompileModuleImpl(CompileStrategy.java:113)
	at com.google.gwt.junit.SimpleCompileStrategy.maybeCompileModule(SimpleCompileStrategy.java:36)
	at com.google.gwt.junit.JUnitShell.runTestImpl(JUnitShell.java:1316)
	at com.google.gwt.junit.JUnitShell.runTestImpl(JUnitShell.java:1284)
	at com.google.gwt.junit.JUnitShell.runTest(JUnitShell.java:678)
	at com.google.gwt.junit.client.GWTTestCase.runTest(GWTTestCase.java:421)
	at junit.framework.TestCase.runBare(TestCase.java:141)
	at junit.framework.TestResult$1.protect(TestResult.java:122)
	at junit.framework.TestResult.runProtected(TestResult.java:142)
	at junit.framework.TestResult.run(TestResult.java:125)
	at junit.framework.TestCase.run(TestCase.java:129)
	at com.google.gwt.junit.client.GWTTestCase.run(GWTTestCase.java:247)
	at junit.framework.TestSuite.runTest(TestSuite.java:255)
	at junit.framework.TestSuite.run(TestSuite.java:250)
	at org.junit.internal.runners.JUnit38ClassRunner.run(JUnit38ClassRunner.java:84)
	at org.apache.maven.surefire.junit4.JUnit4TestSet.execute(JUnit4TestSet.java:59)
	at org.apache.maven.surefire.suite.AbstractDirectoryTestSuite.executeTestSet(AbstractDirectoryTestSuite.java:120)
	at org.apache.maven.surefire.suite.AbstractDirectoryTestSuite.execute(AbstractDirectoryTestSuite.java:103)
	at org.apache.maven.surefire.Surefire.run(Surefire.java:169)
	at sun.reflect.NativeMethodAccessorImpl.invoke0(Native Method)
	at sun.reflect.NativeMethodAccessorImpl.invoke(NativeMethodAccessorImpl.java:62)
	at sun.reflect.DelegatingMethodAccessorImpl.invoke(DelegatingMethodAccessorImpl.java:43)
	at java.lang.reflect.Method.invoke(Method.java:498)
	at org.apache.maven.surefire.booter.SurefireBooter.runSuitesInProcess(SurefireBooter.java:350)
	at org.apache.maven.surefire.booter.SurefireBooter.main(SurefireBooter.java:1021)
</error>
    <system-out>Loading inherited module &apos;com.tarining.project.GWTTraining&apos;
   [ERROR] Unable to find &apos;com/tarining/project/GWTTraining.gwt.xml&apos; on your classpath; could be a typo, or maybe you forgot to include a classpath entry for source?
</system-out>
  </testcase>
  <testcase classname="com.tarining.project.client.JsonEncodingTest" name="testDateTime" time="0">
    <error message="(see previous log entries)" type="com.google.gwt.core.ext.UnableToCompleteException">com.google.gwt.core.ext.UnableToCompleteException: (see previous log entries)
	at com.google.gwt.junit.JUnitShell.runTestImpl(JUnitShell.java:1301)
	at com.google.gwt.junit.JUnitShell.runTestImpl(JUnitShell.java:1284)
	at com.google.gwt.junit.JUnitShell.runTest(JUnitShell.java:678)
	at com.google.gwt.junit.client.GWTTestCase.runTest(GWTTestCase.java:421)
	at junit.framework.TestCase.runBare(TestCase.java:141)
	at junit.framework.TestResult$1.protect(TestResult.java:122)
	at junit.framework.TestResult.runProtected(TestResult.java:142)
	at junit.framework.TestResult.run(TestResult.java:125)
	at junit.framework.TestCase.run(TestCase.java:129)
	at com.google.gwt.junit.client.GWTTestCase.run(GWTTestCase.java:247)
	at junit.framework.TestSuite.runTest(TestSuite.java:255)
	at junit.framework.TestSuite.run(TestSuite.java:250)
	at org.junit.internal.runners.JUnit38ClassRunner.run(JUnit38ClassRunner.java:84)
	at org.apache.maven.surefire.junit4.JUnit4TestSet.execute(JUnit4TestSet.java:59)
	at org.apache.maven.surefire.suite.AbstractDirectoryTestSuite.executeTestSet(AbstractDirectoryTestSuite.java:120)
	at org.apache.maven.surefire.suite.AbstractDirectoryTestSuite.execute(AbstractDirectoryTestSuite.java:103)
	at org.apache.maven.surefire.Surefire.run(Surefire.java:169)
	at sun.reflect.NativeMethodAccessorImpl.invoke0(Native Method)
	at sun.reflect.NativeMethodAccessorImpl.invoke(NativeMethodAccessorImpl.java:62)
	at sun.reflect.DelegatingMethodAccessorImpl.invoke(DelegatingMethodAccessorImpl.java:43)
	at java.lang.reflect.Method.invoke(Method.java:498)
	at org.apache.maven.surefire.booter.SurefireBooter.runSuitesInProcess(SurefireBooter.java:350)
	at org.apache.maven.surefire.booter.SurefireBooter.main(SurefireBooter.java:1021)
</error>
  </testcase>
  <testcase classname="com.tarining.project.client.JsonEncodingTest" name="testEncodeBoolean" time="0">
    <error message="(see previous log entries)" type="com.google.gwt.core.ext.UnableToCompleteException">com.google.gwt.core.ext.UnableToCompleteException: (see previous log entries)
	at com.google.gwt.junit.JUnitShell.runTestImpl(JUnitShell.java:1301)
	at com.google.gwt.junit.JUnitShell.runTestImpl(JUnitShell.java:1284)
	at com.google.gwt.junit.JUnitShell.runTest(JUnitShell.java:678)
	at com.google.gwt.junit.client.GWTTestCase.runTest(GWTTestCase.java:421)
	at junit.framework.TestCase.runBare(TestCase.java:141)
	at junit.framework.TestResult$1.protect(TestResult.java:122)
	at junit.framework.TestResult.runProtected(TestResult.java:142)
	at junit.framework.TestResult.run(TestResult.java:125)
	at junit.framework.TestCase.run(TestCase.java:129)
	at com.google.gwt.junit.client.GWTTestCase.run(GWTTestCase.java:247)
	at junit.framework.TestSuite.runTest(TestSuite.java:255)
	at junit.framework.TestSuite.run(TestSuite.java:250)
	at org.junit.internal.runners.JUnit38ClassRunner.run(JUnit38ClassRunner.java:84)
	at org.apache.maven.surefire.junit4.JUnit4TestSet.execute(JUnit4TestSet.java:59)
	at org.apache.maven.surefire.suite.AbstractDirectoryTestSuite.executeTestSet(AbstractDirectoryTestSuite.java:120)
	at org.apache.maven.surefire.suite.AbstractDirectoryTestSuite.execute(AbstractDirectoryTestSuite.java:103)
	at org.apache.maven.surefire.Surefire.run(Surefire.java:169)
	at sun.reflect.NativeMethodAccessorImpl.invoke0(Native Method)
	at sun.reflect.NativeMethodAccessorImpl.invoke(NativeMethodAccessorImpl.java:62)
	at sun.reflect.DelegatingMethodAccessorImpl.invoke(DelegatingMethodAccessorImpl.java:43)
	at java.lang.reflect.Method.invoke(Method.java:498)
	at org.apache.maven.surefire.booter.SurefireBooter.runSuitesInProcess(SurefireBooter.java:350)
	at org.apache.maven.surefire.booter.SurefireBooter.main(SurefireBooter.java:1021)
</error>
  </testcase>
  <testcase classname="com.tarining.project.client.JsonEncodingTest" name="testDecodeDouble" time="0">
    <error message="(see previous log entries)" type="com.google.gwt.core.ext.UnableToCompleteException">com.google.gwt.core.ext.UnableToCompleteException: (see previous log entries)
	at com.google.gwt.junit.JUnitShell.runTestImpl(JUnitShell.java:1301)
	at com.google.gwt.junit.JUnitShell.runTestImpl(JUnitShell.java:1284)
	at com.google.gwt.junit.JUnitShell.runTest(JUnitShell.java:678)
	at com.google.gwt.junit.client.GWTTestCase.runTest(GWTTestCase.java:421)
	at junit.framework.TestCase.runBare(TestCase.java:141)
	at junit.framework.TestResult$1.protect(TestResult.java:122)
	at junit.framework.TestResult.runProtected(TestResult.java:142)
	at junit.framework.TestResult.run(TestResult.java:125)
	at junit.framework.TestCase.run(TestCase.java:129)
	at com.google.gwt.junit.client.GWTTestCase.run(GWTTestCase.java:247)
	at junit.framework.TestSuite.runTest(TestSuite.java:255)
	at junit.framework.TestSuite.run(TestSuite.java:250)
	at org.junit.internal.runners.JUnit38ClassRunner.run(JUnit38ClassRunner.java:84)
	at org.apache.maven.surefire.junit4.JUnit4TestSet.execute(JUnit4TestSet.java:59)
	at org.apache.maven.surefire.suite.AbstractDirectoryTestSuite.executeTestSet(AbstractDirectoryTestSuite.java:120)
	at org.apache.maven.surefire.suite.AbstractDirectoryTestSuite.execute(AbstractDirectoryTestSuite.java:103)
	at org.apache.maven.surefire.Surefire.run(Surefire.java:169)
	at sun.reflect.NativeMethodAccessorImpl.invoke0(Native Method)
	at sun.reflect.NativeMethodAccessorImpl.invoke(NativeMethodAccessorImpl.java:62)
	at sun.reflect.DelegatingMethodAccessorImpl.invoke(DelegatingMethodAccessorImpl.java:43)
	at java.lang.reflect.Method.invoke(Method.java:498)
	at org.apache.maven.surefire.booter.SurefireBooter.runSuitesInProcess(SurefireBooter.java:350)
	at org.apache.maven.surefire.booter.SurefireBooter.main(SurefireBooter.java:1021)
</error>
  </testcase>
  <testcase classname="com.tarining.project.client.JsonEncodingTest" name="testEncodeingDate" time="0">
    <error message="(see previous log entries)" type="com.google.gwt.core.ext.UnableToCompleteException">com.google.gwt.core.ext.UnableToCompleteException: (see previous log entries)
	at com.google.gwt.junit.JUnitShell.runTestImpl(JUnitShell.java:1301)
	at com.google.gwt.junit.JUnitShell.runTestImpl(JUnitShell.java:1284)
	at com.google.gwt.junit.JUnitShell.runTest(JUnitShell.java:678)
	at com.google.gwt.junit.client.GWTTestCase.runTest(GWTTestCase.java:421)
	at junit.framework.TestCase.runBare(TestCase.java:141)
	at junit.framework.TestResult$1.protect(TestResult.java:122)
	at junit.framework.TestResult.runProtected(TestResult.java:142)
	at junit.framework.TestResult.run(TestResult.java:125)
	at junit.framework.TestCase.run(TestCase.java:129)
	at com.google.gwt.junit.client.GWTTestCase.run(GWTTestCase.java:247)
	at junit.framework.TestSuite.runTest(TestSuite.java:255)
	at junit.framework.TestSuite.run(TestSuite.java:250)
	at org.junit.internal.runners.JUnit38ClassRunner.run(JUnit38ClassRunner.java:84)
	at org.apache.maven.surefire.junit4.JUnit4TestSet.execute(JUnit4TestSet.java:59)
	at org.apache.maven.surefire.suite.AbstractDirectoryTestSuite.executeTestSet(AbstractDirectoryTestSuite.java:120)
	at org.apache.maven.surefire.suite.AbstractDirectoryTestSuite.execute(AbstractDirectoryTestSuite.java:103)
	at org.apache.maven.surefire.Surefire.run(Surefire.java:169)
	at sun.reflect.NativeMethodAccessorImpl.invoke0(Native Method)
	at sun.reflect.NativeMethodAccessorImpl.invoke(NativeMethodAccessorImpl.java:62)
	at sun.reflect.DelegatingMethodAccessorImpl.invoke(DelegatingMethodAccessorImpl.java:43)
	at java.lang.reflect.Method.invoke(Method.java:498)
	at org.apache.maven.surefire.booter.SurefireBooter.runSuitesInProcess(SurefireBooter.java:350)
	at org.apache.maven.surefire.booter.SurefireBooter.main(SurefireBooter.java:1021)
</error>
  </testcase>
  <testcase classname="com.tarining.project.client.JsonEncodingTest" name="testEncodeDate" time="0">
    <error message="(see previous log entries)" type="com.google.gwt.core.ext.UnableToCompleteException">com.google.gwt.core.ext.UnableToCompleteException: (see previous log entries)
	at com.google.gwt.junit.JUnitShell.runTestImpl(JUnitShell.java:1301)
	at com.google.gwt.junit.JUnitShell.runTestImpl(JUnitShell.java:1284)
	at com.google.gwt.junit.JUnitShell.runTest(JUnitShell.java:678)
	at com.google.gwt.junit.client.GWTTestCase.runTest(GWTTestCase.java:421)
	at junit.framework.TestCase.runBare(TestCase.java:141)
	at junit.framework.TestResult$1.protect(TestResult.java:122)
	at junit.framework.TestResult.runProtected(TestResult.java:142)
	at junit.framework.TestResult.run(TestResult.java:125)
	at junit.framework.TestCase.run(TestCase.java:129)
	at com.google.gwt.junit.client.GWTTestCase.run(GWTTestCase.java:247)
	at junit.framework.TestSuite.runTest(TestSuite.java:255)
	at junit.framework.TestSuite.run(TestSuite.java:250)
	at org.junit.internal.runners.JUnit38ClassRunner.run(JUnit38ClassRunner.java:84)
	at org.apache.maven.surefire.junit4.JUnit4TestSet.execute(JUnit4TestSet.java:59)
	at org.apache.maven.surefire.suite.AbstractDirectoryTestSuite.executeTestSet(AbstractDirectoryTestSuite.java:120)
	at org.apache.maven.surefire.suite.AbstractDirectoryTestSuite.execute(AbstractDirectoryTestSuite.java:103)
	at org.apache.maven.surefire.Surefire.run(Surefire.java:169)
	at sun.reflect.NativeMethodAccessorImpl.invoke0(Native Method)
	at sun.reflect.NativeMethodAccessorImpl.invoke(NativeMethodAccessorImpl.java:62)
	at sun.reflect.DelegatingMethodAccessorImpl.invoke(DelegatingMethodAccessorImpl.java:43)
	at java.lang.reflect.Method.invoke(Method.java:498)
	at org.apache.maven.surefire.booter.SurefireBooter.runSuitesInProcess(SurefireBooter.java:350)
	at org.apache.maven.surefire.booter.SurefireBooter.main(SurefireBooter.java:1021)
</error>
  </testcase>
  <testcase classname="com.tarining.project.client.JsonEncodingTest" name="testEncodeList" time="0.001">
    <error message="(see previous log entries)" type="com.google.gwt.core.ext.UnableToCompleteException">com.google.gwt.core.ext.UnableToCompleteException: (see previous log entries)
	at com.google.gwt.junit.JUnitShell.runTestImpl(JUnitShell.java:1301)
	at com.google.gwt.junit.JUnitShell.runTestImpl(JUnitShell.java:1284)
	at com.google.gwt.junit.JUnitShell.runTest(JUnitShell.java:678)
	at com.google.gwt.junit.client.GWTTestCase.runTest(GWTTestCase.java:421)
	at junit.framework.TestCase.runBare(TestCase.java:141)
	at junit.framework.TestResult$1.protect(TestResult.java:122)
	at junit.framework.TestResult.runProtected(TestResult.java:142)
	at junit.framework.TestResult.run(TestResult.java:125)
	at junit.framework.TestCase.run(TestCase.java:129)
	at com.google.gwt.junit.client.GWTTestCase.run(GWTTestCase.java:247)
	at junit.framework.TestSuite.runTest(TestSuite.java:255)
	at junit.framework.TestSuite.run(TestSuite.java:250)
	at org.junit.internal.runners.JUnit38ClassRunner.run(JUnit38ClassRunner.java:84)
	at org.apache.maven.surefire.junit4.JUnit4TestSet.execute(JUnit4TestSet.java:59)
	at org.apache.maven.surefire.suite.AbstractDirectoryTestSuite.executeTestSet(AbstractDirectoryTestSuite.java:120)
	at org.apache.maven.surefire.suite.AbstractDirectoryTestSuite.execute(AbstractDirectoryTestSuite.java:103)
	at org.apache.maven.surefire.Surefire.run(Surefire.java:169)
	at sun.reflect.NativeMethodAccessorImpl.invoke0(Native Method)
	at sun.reflect.NativeMethodAccessorImpl.invoke(NativeMethodAccessorImpl.java:62)
	at sun.reflect.DelegatingMethodAccessorImpl.invoke(DelegatingMethodAccessorImpl.java:43)
	at java.lang.reflect.Method.invoke(Method.java:498)
	at org.apache.maven.surefire.booter.SurefireBooter.runSuitesInProcess(SurefireBooter.java:350)
	at org.apache.maven.surefire.booter.SurefireBooter.main(SurefireBooter.java:1021)
</error>
  </testcase>
  <testcase classname="com.tarining.project.client.JsonEncodingTest" name="testDecodeObject" time="0">
    <error message="(see previous log entries)" type="com.google.gwt.core.ext.UnableToCompleteException">com.google.gwt.core.ext.UnableToCompleteException: (see previous log entries)
	at com.google.gwt.junit.JUnitShell.runTestImpl(JUnitShell.java:1301)
	at com.google.gwt.junit.JUnitShell.runTestImpl(JUnitShell.java:1284)
	at com.google.gwt.junit.JUnitShell.runTest(JUnitShell.java:678)
	at com.google.gwt.junit.client.GWTTestCase.runTest(GWTTestCase.java:421)
	at junit.framework.TestCase.runBare(TestCase.java:141)
	at junit.framework.TestResult$1.protect(TestResult.java:122)
	at junit.framework.TestResult.runProtected(TestResult.java:142)
	at junit.framework.TestResult.run(TestResult.java:125)
	at junit.framework.TestCase.run(TestCase.java:129)
	at com.google.gwt.junit.client.GWTTestCase.run(GWTTestCase.java:247)
	at junit.framework.TestSuite.runTest(TestSuite.java:255)
	at junit.framework.TestSuite.run(TestSuite.java:250)
	at org.junit.internal.runners.JUnit38ClassRunner.run(JUnit38ClassRunner.java:84)
	at org.apache.maven.surefire.junit4.JUnit4TestSet.execute(JUnit4TestSet.java:59)
	at org.apache.maven.surefire.suite.AbstractDirectoryTestSuite.executeTestSet(AbstractDirectoryTestSuite.java:120)
	at org.apache.maven.surefire.suite.AbstractDirectoryTestSuite.execute(AbstractDirectoryTestSuite.java:103)
	at org.apache.maven.surefire.Surefire.run(Surefire.java:169)
	at sun.reflect.NativeMethodAccessorImpl.invoke0(Native Method)
	at sun.reflect.NativeMethodAccessorImpl.invoke(NativeMethodAccessorImpl.java:62)
	at sun.reflect.DelegatingMethodAccessorImpl.invoke(DelegatingMethodAccessorImpl.java:43)
	at java.lang.reflect.Method.invoke(Method.java:498)
	at org.apache.maven.surefire.booter.SurefireBooter.runSuitesInProcess(SurefireBooter.java:350)
	at org.apache.maven.surefire.booter.SurefireBooter.main(SurefireBooter.java:1021)
</error>
  </testcase>
  <testcase classname="com.tarining.project.client.JsonEncodingTest" name="testDecodeString" time="0">
    <error message="(see previous log entries)" type="com.google.gwt.core.ext.UnableToCompleteException">com.google.gwt.core.ext.UnableToCompleteException: (see previous log entries)
	at com.google.gwt.junit.JUnitShell.runTestImpl(JUnitShell.java:1301)
	at com.google.gwt.junit.JUnitShell.runTestImpl(JUnitShell.java:1284)
	at com.google.gwt.junit.JUnitShell.runTest(JUnitShell.java:678)
	at com.google.gwt.junit.client.GWTTestCase.runTest(GWTTestCase.java:421)
	at junit.framework.TestCase.runBare(TestCase.java:141)
	at junit.framework.TestResult$1.protect(TestResult.java:122)
	at junit.framework.TestResult.runProtected(TestResult.java:142)
	at junit.framework.TestResult.run(TestResult.java:125)
	at junit.framework.TestCase.run(TestCase.java:129)
	at com.google.gwt.junit.client.GWTTestCase.run(GWTTestCase.java:247)
	at junit.framework.TestSuite.runTest(TestSuite.java:255)
	at junit.framework.TestSuite.run(TestSuite.java:250)
	at org.junit.internal.runners.JUnit38ClassRunner.run(JUnit38ClassRunner.java:84)
	at org.apache.maven.surefire.junit4.JUnit4TestSet.execute(JUnit4TestSet.java:59)
	at org.apache.maven.surefire.suite.AbstractDirectoryTestSuite.executeTestSet(AbstractDirectoryTestSuite.java:120)
	at org.apache.maven.surefire.suite.AbstractDirectoryTestSuite.execute(AbstractDirectoryTestSuite.java:103)
	at org.apache.maven.surefire.Surefire.run(Surefire.java:169)
	at sun.reflect.NativeMethodAccessorImpl.invoke0(Native Method)
	at sun.reflect.NativeMethodAccessorImpl.invoke(NativeMethodAccessorImpl.java:62)
	at sun.reflect.DelegatingMethodAccessorImpl.invoke(DelegatingMethodAccessorImpl.java:43)
	at java.lang.reflect.Method.invoke(Method.java:498)
	at org.apache.maven.surefire.booter.SurefireBooter.runSuitesInProcess(SurefireBooter.java:350)
	at org.apache.maven.surefire.booter.SurefireBooter.main(SurefireBooter.java:1021)
</error>
  </testcase>
  <testcase classname="com.tarining.project.client.JsonEncodingTest" name="testEncodeDouble" time="0">
    <error message="(see previous log entries)" type="com.google.gwt.core.ext.UnableToCompleteException">com.google.gwt.core.ext.UnableToCompleteException: (see previous log entries)
	at com.google.gwt.junit.JUnitShell.runTestImpl(JUnitShell.java:1301)
	at com.google.gwt.junit.JUnitShell.runTestImpl(JUnitShell.java:1284)
	at com.google.gwt.junit.JUnitShell.runTest(JUnitShell.java:678)
	at com.google.gwt.junit.client.GWTTestCase.runTest(GWTTestCase.java:421)
	at junit.framework.TestCase.runBare(TestCase.java:141)
	at junit.framework.TestResult$1.protect(TestResult.java:122)
	at junit.framework.TestResult.runProtected(TestResult.java:142)
	at junit.framework.TestResult.run(TestResult.java:125)
	at junit.framework.TestCase.run(TestCase.java:129)
	at com.google.gwt.junit.client.GWTTestCase.run(GWTTestCase.java:247)
	at junit.framework.TestSuite.runTest(TestSuite.java:255)
	at junit.framework.TestSuite.run(TestSuite.java:250)
	at org.junit.internal.runners.JUnit38ClassRunner.run(JUnit38ClassRunner.java:84)
	at org.apache.maven.surefire.junit4.JUnit4TestSet.execute(JUnit4TestSet.java:59)
	at org.apache.maven.surefire.suite.AbstractDirectoryTestSuite.executeTestSet(AbstractDirectoryTestSuite.java:120)
	at org.apache.maven.surefire.suite.AbstractDirectoryTestSuite.execute(AbstractDirectoryTestSuite.java:103)
	at org.apache.maven.surefire.Surefire.run(Surefire.java:169)
	at sun.reflect.NativeMethodAccessorImpl.invoke0(Native Method)
	at sun.reflect.NativeMethodAccessorImpl.invoke(NativeMethodAccessorImpl.java:62)
	at sun.reflect.DelegatingMethodAccessorImpl.invoke(DelegatingMethodAccessorImpl.java:43)
	at java.lang.reflect.Method.invoke(Method.java:498)
	at org.apache.maven.surefire.booter.SurefireBooter.runSuitesInProcess(SurefireBooter.java:350)
	at org.apache.maven.surefire.booter.SurefireBooter.main(SurefireBooter.java:1021)
</error>
  </testcase>
  <testcase classname="com.tarining.project.client.JsonEncodingTest" name="testEncodeObject" time="0">
    <error message="(see previous log entries)" type="com.google.gwt.core.ext.UnableToCompleteException">com.google.gwt.core.ext.UnableToCompleteException: (see previous log entries)
	at com.google.gwt.junit.JUnitShell.runTestImpl(JUnitShell.java:1301)
	at com.google.gwt.junit.JUnitShell.runTestImpl(JUnitShell.java:1284)
	at com.google.gwt.junit.JUnitShell.runTest(JUnitShell.java:678)
	at com.google.gwt.junit.client.GWTTestCase.runTest(GWTTestCase.java:421)
	at junit.framework.TestCase.runBare(TestCase.java:141)
	at junit.framework.TestResult$1.protect(TestResult.java:122)
	at junit.framework.TestResult.runProtected(TestResult.java:142)
	at junit.framework.TestResult.run(TestResult.java:125)
	at junit.framework.TestCase.run(TestCase.java:129)
	at com.google.gwt.junit.client.GWTTestCase.run(GWTTestCase.java:247)
	at junit.framework.TestSuite.runTest(TestSuite.java:255)
	at junit.framework.TestSuite.run(TestSuite.java:250)
	at org.junit.internal.runners.JUnit38ClassRunner.run(JUnit38ClassRunner.java:84)
	at org.apache.maven.surefire.junit4.JUnit4TestSet.execute(JUnit4TestSet.java:59)
	at org.apache.maven.surefire.suite.AbstractDirectoryTestSuite.executeTestSet(AbstractDirectoryTestSuite.java:120)
	at org.apache.maven.surefire.suite.AbstractDirectoryTestSuite.execute(AbstractDirectoryTestSuite.java:103)
	at org.apache.maven.surefire.Surefire.run(Surefire.java:169)
	at sun.reflect.NativeMethodAccessorImpl.invoke0(Native Method)
	at sun.reflect.NativeMethodAccessorImpl.invoke(NativeMethodAccessorImpl.java:62)
	at sun.reflect.DelegatingMethodAccessorImpl.invoke(DelegatingMethodAccessorImpl.java:43)
	at java.lang.reflect.Method.invoke(Method.java:498)
	at org.apache.maven.surefire.booter.SurefireBooter.runSuitesInProcess(SurefireBooter.java:350)
	at org.apache.maven.surefire.booter.SurefireBooter.main(SurefireBooter.java:1021)
</error>
  </testcase>
  <testcase classname="com.tarining.project.client.JsonEncodingTest" name="testEncodeString" time="0.001">
    <error message="(see previous log entries)" type="com.google.gwt.core.ext.UnableToCompleteException">com.google.gwt.core.ext.UnableToCompleteException: (see previous log entries)
	at com.google.gwt.junit.JUnitShell.runTestImpl(JUnitShell.java:1301)
	at com.google.gwt.junit.JUnitShell.runTestImpl(JUnitShell.java:1284)
	at com.google.gwt.junit.JUnitShell.runTest(JUnitShell.java:678)
	at com.google.gwt.junit.client.GWTTestCase.runTest(GWTTestCase.java:421)
	at junit.framework.TestCase.runBare(TestCase.java:141)
	at junit.framework.TestResult$1.protect(TestResult.java:122)
	at junit.framework.TestResult.runProtected(TestResult.java:142)
	at junit.framework.TestResult.run(TestResult.java:125)
	at junit.framework.TestCase.run(TestCase.java:129)
	at com.google.gwt.junit.client.GWTTestCase.run(GWTTestCase.java:247)
	at junit.framework.TestSuite.runTest(TestSuite.java:255)
	at junit.framework.TestSuite.run(TestSuite.java:250)
	at org.junit.internal.runners.JUnit38ClassRunner.run(JUnit38ClassRunner.java:84)
	at org.apache.maven.surefire.junit4.JUnit4TestSet.execute(JUnit4TestSet.java:59)
	at org.apache.maven.surefire.suite.AbstractDirectoryTestSuite.executeTestSet(AbstractDirectoryTestSuite.java:120)
	at org.apache.maven.surefire.suite.AbstractDirectoryTestSuite.execute(AbstractDirectoryTestSuite.java:103)
	at org.apache.maven.surefire.Surefire.run(Surefire.java:169)
	at sun.reflect.NativeMethodAccessorImpl.invoke0(Native Method)
	at sun.reflect.NativeMethodAccessorImpl.invoke(NativeMethodAccessorImpl.java:62)
	at sun.reflect.DelegatingMethodAccessorImpl.invoke(DelegatingMethodAccessorImpl.java:43)
	at java.lang.reflect.Method.invoke(Method.java:498)
	at org.apache.maven.surefire.booter.SurefireBooter.runSuitesInProcess(SurefireBooter.java:350)
	at org.apache.maven.surefire.booter.SurefireBooter.main(SurefireBooter.java:1021)
</error>
  </testcase>
  <testcase classname="com.tarining.project.client.JsonEncodingTest" name="testEncodeListOfObjects" time="0">
    <error message="(see previous log entries)" type="com.google.gwt.core.ext.UnableToCompleteException">com.google.gwt.core.ext.UnableToCompleteException: (see previous log entries)
	at com.google.gwt.junit.JUnitShell.runTestImpl(JUnitShell.java:1301)
	at com.google.gwt.junit.JUnitShell.runTestImpl(JUnitShell.java:1284)
	at com.google.gwt.junit.JUnitShell.runTest(JUnitShell.java:678)
	at com.google.gwt.junit.client.GWTTestCase.runTest(GWTTestCase.java:421)
	at junit.framework.TestCase.runBare(TestCase.java:141)
	at junit.framework.TestResult$1.protect(TestResult.java:122)
	at junit.framework.TestResult.runProtected(TestResult.java:142)
	at junit.framework.TestResult.run(TestResult.java:125)
	at junit.framework.TestCase.run(TestCase.java:129)
	at com.google.gwt.junit.client.GWTTestCase.run(GWTTestCase.java:247)
	at junit.framework.TestSuite.runTest(TestSuite.java:255)
	at junit.framework.TestSuite.run(TestSuite.java:250)
	at org.junit.internal.runners.JUnit38ClassRunner.run(JUnit38ClassRunner.java:84)
	at org.apache.maven.surefire.junit4.JUnit4TestSet.execute(JUnit4TestSet.java:59)
	at org.apache.maven.surefire.suite.AbstractDirectoryTestSuite.executeTestSet(AbstractDirectoryTestSuite.java:120)
	at org.apache.maven.surefire.suite.AbstractDirectoryTestSuite.execute(AbstractDirectoryTestSuite.java:103)
	at org.apache.maven.surefire.Surefire.run(Surefire.java:169)
	at sun.reflect.NativeMethodAccessorImpl.invoke0(Native Method)
	at sun.reflect.NativeMethodAccessorImpl.invoke(NativeMethodAccessorImpl.java:62)
	at sun.reflect.DelegatingMethodAccessorImpl.invoke(DelegatingMethodAccessorImpl.java:43)
	at java.lang.reflect.Method.invoke(Method.java:498)
	at org.apache.maven.surefire.booter.SurefireBooter.runSuitesInProcess(SurefireBooter.java:350)
	at org.apache.maven.surefire.booter.SurefireBooter.main(SurefireBooter.java:1021)
</error>
  </testcase>
  <testcase classname="com.tarining.project.client.JsonEncodingTest" name="testCookieInValiation" time="0">
    <error message="(see previous log entries)" type="com.google.gwt.core.ext.UnableToCompleteException">com.google.gwt.core.ext.UnableToCompleteException: (see previous log entries)
	at com.google.gwt.junit.JUnitShell.runTestImpl(JUnitShell.java:1301)
	at com.google.gwt.junit.JUnitShell.runTestImpl(JUnitShell.java:1284)
	at com.google.gwt.junit.JUnitShell.runTest(JUnitShell.java:678)
	at com.google.gwt.junit.client.GWTTestCase.runTest(GWTTestCase.java:421)
	at junit.framework.TestCase.runBare(TestCase.java:141)
	at junit.framework.TestResult$1.protect(TestResult.java:122)
	at junit.framework.TestResult.runProtected(TestResult.java:142)
	at junit.framework.TestResult.run(TestResult.java:125)
	at junit.framework.TestCase.run(TestCase.java:129)
	at com.google.gwt.junit.client.GWTTestCase.run(GWTTestCase.java:247)
	at junit.framework.TestSuite.runTest(TestSuite.java:255)
	at junit.framework.TestSuite.run(TestSuite.java:250)
	at org.junit.internal.runners.JUnit38ClassRunner.run(JUnit38ClassRunner.java:84)
	at org.apache.maven.surefire.junit4.JUnit4TestSet.execute(JUnit4TestSet.java:59)
	at org.apache.maven.surefire.suite.AbstractDirectoryTestSuite.executeTestSet(AbstractDirectoryTestSuite.java:120)
	at org.apache.maven.surefire.suite.AbstractDirectoryTestSuite.execute(AbstractDirectoryTestSuite.java:103)
	at org.apache.maven.surefire.Surefire.run(Surefire.java:169)
	at sun.reflect.NativeMethodAccessorImpl.invoke0(Native Method)
	at sun.reflect.NativeMethodAccessorImpl.invoke(NativeMethodAccessorImpl.java:62)
	at sun.reflect.DelegatingMethodAccessorImpl.invoke(DelegatingMethodAccessorImpl.java:43)
	at java.lang.reflect.Method.invoke(Method.java:498)
	at org.apache.maven.surefire.booter.SurefireBooter.runSuitesInProcess(SurefireBooter.java:350)
	at org.apache.maven.surefire.booter.SurefireBooter.main(SurefireBooter.java:1021)
</error>
  </testcase>
  <testcase classname="com.tarining.project.client.JsonEncodingTest" name="testDecodeListOfObjects" time="0">
    <error message="(see previous log entries)" type="com.google.gwt.core.ext.UnableToCompleteException">com.google.gwt.core.ext.UnableToCompleteException: (see previous log entries)
	at com.google.gwt.junit.JUnitShell.runTestImpl(JUnitShell.java:1301)
	at com.google.gwt.junit.JUnitShell.runTestImpl(JUnitShell.java:1284)
	at com.google.gwt.junit.JUnitShell.runTest(JUnitShell.java:678)
	at com.google.gwt.junit.client.GWTTestCase.runTest(GWTTestCase.java:421)
	at junit.framework.TestCase.runBare(TestCase.java:141)
	at junit.framework.TestResult$1.protect(TestResult.java:122)
	at junit.framework.TestResult.runProtected(TestResult.java:142)
	at junit.framework.TestResult.run(TestResult.java:125)
	at junit.framework.TestCase.run(TestCase.java:129)
	at com.google.gwt.junit.client.GWTTestCase.run(GWTTestCase.java:247)
	at junit.framework.TestSuite.runTest(TestSuite.java:255)
	at junit.framework.TestSuite.run(TestSuite.java:250)
	at org.junit.internal.runners.JUnit38ClassRunner.run(JUnit38ClassRunner.java:84)
	at org.apache.maven.surefire.junit4.JUnit4TestSet.execute(JUnit4TestSet.java:59)
	at org.apache.maven.surefire.suite.AbstractDirectoryTestSuite.executeTestSet(AbstractDirectoryTestSuite.java:120)
	at org.apache.maven.surefire.suite.AbstractDirectoryTestSuite.execute(AbstractDirectoryTestSuite.java:103)
	at org.apache.maven.surefire.Surefire.run(Surefire.java:169)
	at sun.reflect.NativeMethodAccessorImpl.invoke0(Native Method)
	at sun.reflect.NativeMethodAccessorImpl.invoke(NativeMethodAccessorImpl.java:62)
	at sun.reflect.DelegatingMethodAccessorImpl.invoke(DelegatingMethodAccessorImpl.java:43)
	at java.lang.reflect.Method.invoke(Method.java:498)
	at org.apache.maven.surefire.booter.SurefireBooter.runSuitesInProcess(SurefireBooter.java:350)
	at org.apache.maven.surefire.booter.SurefireBooter.main(SurefireBooter.java:1021)
</error>
  </testcase>
  <testcase classname="com.tarining.project.client.JsonEncodingTest" name="testDecodeBoolean" time="0">
    <error message="(see previous log entries)" type="com.google.gwt.core.ext.UnableToCompleteException">com.google.gwt.core.ext.UnableToCompleteException: (see previous log entries)
	at com.google.gwt.junit.JUnitShell.runTestImpl(JUnitShell.java:1301)
	at com.google.gwt.junit.JUnitShell.runTestImpl(JUnitShell.java:1284)
	at com.google.gwt.junit.JUnitShell.runTest(JUnitShell.java:678)
	at com.google.gwt.junit.client.GWTTestCase.runTest(GWTTestCase.java:421)
	at junit.framework.TestCase.runBare(TestCase.java:141)
	at junit.framework.TestResult$1.protect(TestResult.java:122)
	at junit.framework.TestResult.runProtected(TestResult.java:142)
	at junit.framework.TestResult.run(TestResult.java:125)
	at junit.framework.TestCase.run(TestCase.java:129)
	at com.google.gwt.junit.client.GWTTestCase.run(GWTTestCase.java:247)
	at junit.framework.TestSuite.runTest(TestSuite.java:255)
	at junit.framework.TestSuite.run(TestSuite.java:250)
	at org.junit.internal.runners.JUnit38ClassRunner.run(JUnit38ClassRunner.java:84)
	at org.apache.maven.surefire.junit4.JUnit4TestSet.execute(JUnit4TestSet.java:59)
	at org.apache.maven.surefire.suite.AbstractDirectoryTestSuite.executeTestSet(AbstractDirectoryTestSuite.java:120)
	at org.apache.maven.surefire.suite.AbstractDirectoryTestSuite.execute(AbstractDirectoryTestSuite.java:103)
	at org.apache.maven.surefire.Surefire.run(Surefire.java:169)
	at sun.reflect.NativeMethodAccessorImpl.invoke0(Native Method)
	at sun.reflect.NativeMethodAccessorImpl.invoke(NativeMethodAccessorImpl.java:62)
	at sun.reflect.DelegatingMethodAccessorImpl.invoke(DelegatingMethodAccessorImpl.java:43)
	at java.lang.reflect.Method.invoke(Method.java:498)
	at org.apache.maven.surefire.booter.SurefireBooter.runSuitesInProcess(SurefireBooter.java:350)
	at org.apache.maven.surefire.booter.SurefireBooter.main(SurefireBooter.java:1021)
</error>
  </testcase>
</testsuite>